<?xml version="1.0" encoding="UTF-8"?>
<testsuite xmlns:xsi="http://www.w3.org/2001/XMLSchema-instance" xsi:noNamespaceSchemaLocation="https://maven.apache.org/surefire/maven-surefire-plugin/xsd/surefire-test-report.xsd" name="Trylma.BoardDrawingTest" time="0" tests="3" errors="0" skipped="0" failures="0">
  <properties>
[...]
</properties>
  <testcase name="MyMoveTest" classname="Trylma.BoardDrawingTest" time="0"/>
  <testcase name="MySelectionTest" classname="Trylma.BoardDrawingTest" time="0"/>
  <testcase name="OpponentMoveTest" classname="Trylma.BoardDrawingTest" time="0"/>
</testsuite>