-------------------------------------------------------------------------------
Test set: Trylma.GameRulesTest
-------------------------------------------------------------------------------
Tests run: 7, Failures: 0, Errors: 7, Skipped: 0, Time elapsed: 14.364 s <<< FAILURE! - in Trylma.GameRulesTest
validMoveTestDoubleJump(Trylma.GameRulesTest)  Time elapsed: 2.093 s  <<< ERROR!
java.lang.NullPointerException: Cannot read field "board" because "this.client1" is null
	at Trylma.GameRulesTest.validMoveTestDoubleJump(GameRulesTest.java:187)

invalidSelectionTest(Trylma.GameRulesTest)  Time elapsed: 2.053 s  <<< ERROR!
java.lang.NullPointerException: Cannot read field "board" because "this.client1" is null
	at Trylma.GameRulesTest.invalidSelectionTest(GameRulesTest.java:24)

validSelectionTest(Trylma.GameRulesTest)  Time elapsed: 2.024 s  <<< ERROR!
java.lang.NullPointerException: Cannot read field "board" because "this.client1" is null
	at Trylma.GameRulesTest.validSelectionTest(GameRulesTest.java:58)

invalidMoveTest(Trylma.GameRulesTest)  Time elapsed: 2.049 s  <<< ERROR!
java.lang.NullPointerException: Cannot read field "board" because "this.client1" is null
	at Trylma.GameRulesTest.invalidMoveTest(GameRulesTest.java:85)

validMoveTest(Trylma.GameRulesTest)  Time elapsed: 2.034 s  <<< ERROR!
java.lang.NullPointerException: Cannot read field "board" because "this.client1" is null
	at Trylma.GameRulesTest.validMoveTest(GameRulesTest.java:154)

notYourTurnTest(Trylma.GameRulesTest)  Time elapsed: 2.056 s  <<< ERROR!
java.lang.NullPointerException: Cannot read field "board" because "this.client1" is null
	at Trylma.GameRulesTest.notYourTurnTest(GameRulesTest.java:220)

endTurnTest(Trylma.GameRulesTest)  Time elapsed: 2.053 s  <<< ERROR!
java.lang.NullPointerException: Cannot read field "board" because "this.client1" is null
	at Trylma.GameRulesTest.endTurnTest(GameRulesTest.java:253)

